<testsuite name="tests.unit" hostname="192.168.33.10" tests="7" failures="1" errors="0" timestamp="05/21/13 1:30:25 AM" time="0.253"><properties>
[...]
</properties><testcase classname="tests.unit.MyComponentTest" name="testAdd" time="0.056"></testcase><testcase classname="tests.unit.MyComponentTest" name="testAdd2" time="0.007"><failure message=":: Expected [2.0] BUT RECEIVED [3]. These values should be the same. "><![CDATA[:: Expected [2.0] BUT RECEIVED [3]. These values should be the same.  at /vagrant/wwwroot/mxunit/framework/Assert.cfc:168 at /vagrant/wwwroot/mxunit/framework/Assert.cfc:259 at /vagrant/wwwroot/tests/unit/MyComponentTest.cfc:25 at /vagrant/wwwroot/mxunit/framework/TestCase.cfc:113 at /vagrant/wwwroot/mxunit/framework/decorators/DataProviderDecorator.cfc:31 at /vagrant/wwwroot/mxunit/framework/TestSuiteRunner.cfc:99 at /vagrant/wwwroot/mxunit/framework/TestSuiteRunner.cfc:52 at /vagrant/wwwroot/mxunit/framework/TestSuite.cfc:131 at /vagrant/wwwroot/mxunit/runner/DirectoryTestSuite.cfc:37 at /vagrant/wwwroot/mxunit/runner/HttpAntRunner.cfc:28]]></failure></testcase><testcase classname="tests.unit.MyComponentTest" name="testSomethingElse2" time="0.004"></testcase><testcase classname="tests.unit.MyOtherComponentTest" name="aTestFunctionThatDoesNotBeginWithTest" time="0.028"></testcase><testcase classname="tests.unit.MyOtherComponentTest" name="anotherTestFunctionThatDoesNotBeginWithTest" time="0.004"></testcase><testcase classname="tests.unit.MyOtherComponentTest" name="testAdd4" time="0.006"></testcase><testcase classname="tests.unit.MyOtherComponentTest" name="testAdd2" time="0.005"></testcase></testsuite> 